<?xml version="1.0" encoding="UTF-8"?>
<!-- Generated by org.testng.reporters.JUnitXMLReporter -->
<testsuite hostname="vasco-da-gama" ignored="2" name="Create Portfolio Test" tests="2" failures="1" timestamp="2023-02-27T11:53:59 IST" time="0.037" errors="0">
  <testcase name="@BeforeTest beforeTest" time="0.007" classname="testbase.BaseTest">
    <failure type="java.lang.NumberFormatException" message="null">
      <![CDATA[java.lang.NumberFormatException: null
at java.lang.Integer.parseInt(Integer.java:542)
at java.lang.Integer.parseInt(Integer.java:615)
at testbase.BaseTest.beforeTest(BaseTest.java:50)
... Removed 24 stack frames]]>
    </failure>
  </testcase> <!-- @BeforeTest beforeTest -->
  <testcase name="createPortfolio" time="0.0" classname="testcases.rediff.PortfolioManagement">
    <skipped/>
  </testcase> <!-- createPortfolio -->
  <testcase name="createPortfolio" time="0.01" classname="testcases.rediff.PortfolioManagement">
    <failure type="java.lang.NullPointerException">
      <![CDATA[java.lang.NullPointerException
at listener.MyTestNGListener.onTestSkipped(MyTestNGListener.java:31)
at java.util.ArrayList.forEach(ArrayList.java:1257)
... Removed 25 stack frames]]>
    </failure>
  </testcase> <!-- createPortfolio -->
  <testcase name="selectPortFolio" time="0.0" classname="testcases.rediff.PortfolioManagement">
    <ignored/>
  </testcase> <!-- selectPortFolio -->
  <testcase name="deletePortfolio" time="0.0" classname="testcases.rediff.PortfolioManagement">
    <ignored/>
  </testcase> <!-- deletePortfolio -->
</testsuite> <!-- Create Portfolio Test -->
