<?xml version="1.0" encoding="UTF-8"?>
<!-- Generated by org.testng.reporters.JUnitXMLReporter -->
<testsuite hostname="vasco-da-gama" ignored="6" name="Add New Stock--New Stock" tests="5" failures="0" timestamp="2023-03-01T15:55:42 IST" time="0.039" errors="0">
  <testcase name="@BeforeTest beforeTest" time="0.009" classname="testbase.BaseTest">
    <failure type="java.lang.NumberFormatException" message="null">
      <![CDATA[java.lang.NumberFormatException: null
at java.lang.Integer.parseInt(Integer.java:542)
at java.lang.Integer.parseInt(Integer.java:615)
at testbase.BaseTest.beforeTest(BaseTest.java:50)
at runner.TestNGRunner.run(TestNGRunner.java:94)
at runner.JSONRunner.main(JSONRunner.java:90)
... Removed 21 stack frames]]>
    </failure>
  </testcase> <!-- @BeforeTest beforeTest -->
  <testcase name="selectPortFolio" time="0.0" classname="testcases.rediff.PortfolioManagement">
    <skipped/>
  </testcase> <!-- selectPortFolio -->
  <testcase name="addNewStock" time="0.0" classname="testcases.rediff.StockManagement">
    <skipped/>
  </testcase> <!-- addNewStock -->
  <testcase name="verifyStockPresent" time="0.0" classname="testcases.rediff.StockManagement">
    <skipped/>
  </testcase> <!-- verifyStockPresent -->
  <testcase name="verifyStockQuantity" time="0.0" classname="testcases.rediff.StockManagement">
    <skipped/>
  </testcase> <!-- verifyStockQuantity -->
  <testcase name="verifyTransactionHistory" time="0.0" classname="testcases.rediff.StockManagement">
    <skipped/>
  </testcase> <!-- verifyTransactionHistory -->
  <testcase name="verifyStockAvgBuyPrice" time="0.0" classname="testcases.rediff.StockManagement">
    <ignored/>
  </testcase> <!-- verifyStockAvgBuyPrice -->
  <testcase name="deletePortfolio" time="0.0" classname="testcases.rediff.PortfolioManagement">
    <ignored/>
  </testcase> <!-- deletePortfolio -->
  <testcase name="@AfterTest quit" time="0.0" classname="testbase.BaseTest">
    <ignored/>
  </testcase> <!-- @AfterTest quit -->
  <testcase name="@BeforeTest beforeTest" time="0.0" classname="testbase.BaseTest">
    <ignored/>
  </testcase> <!-- @BeforeTest beforeTest -->
  <testcase name="modifyStock" time="0.0" classname="testcases.rediff.StockManagement">
    <ignored/>
  </testcase> <!-- modifyStock -->
  <testcase name="createPortfolio" time="0.0" classname="testcases.rediff.PortfolioManagement">
    <ignored/>
  </testcase> <!-- createPortfolio -->
</testsuite> <!-- Add New Stock-New Stock -->
